8/14/2023 1:29:50 AM
GlazeWM.Infrastructure.Exceptions.FatalUserException: Failed to parse user config. Invalid component type 'cpu'.
   at GlazeWM.Domain.UserConfigs.CommandHandlers.EvaluateUserConfigHandler.DeserializeUserConfig(String userConfigPath) in C:\Users\larsb\repos\GlazeWM\GlazeWM.Domain\UserConfigs\CommandHandlers\EvaluateUserConfigHandler.cs:line 112
   at GlazeWM.Domain.UserConfigs.CommandHandlers.EvaluateUserConfigHandler.Handle(EvaluateUserConfigCommand command) in C:\Users\larsb\repos\GlazeWM\GlazeWM.Domain\UserConfigs\CommandHandlers\EvaluateUserConfigHandler.cs:line 53
   at GlazeWM.Infrastructure.Bussing.Bus.Invoke[T](T command) in C:\Users\larsb\repos\GlazeWM\GlazeWM.Infrastructure\Bussing\Bus.cs:line 41
   at GlazeWM.Domain.Common.CommandHandlers.PopulateInitialStateHandler.Handle(PopulateInitialStateCommand command) in C:\Users\larsb\repos\GlazeWM\GlazeWM.Domain\Common\CommandHandlers\PopulateInitialStateHandler.cs:line 38
   at GlazeWM.Infrastructure.Bussing.Bus.Invoke[T](T command) in C:\Users\larsb\repos\GlazeWM\GlazeWM.Infrastructure\Bussing\Bus.cs:line 41
   at GlazeWM.Bootstrapper.Startup.Run() in C:\Users\larsb\repos\GlazeWM\GlazeWM.Bootstrapper\Startup.cs:line 57
Command history: HandleFatalExceptionCommand, EvaluateUserConfigCommand, PopulateInitialStateCommand 
State dump: {"X":0,"Y":0,"Width":0,"Height":0,"__type":"RootContainer","FocusIndex":0,"Children":[]}

8/14/2023 1:32:17 AM
GlazeWM.Infrastructure.Exceptions.FatalUserException: Failed to parse user config. Invalid component type 'weather'.
   at GlazeWM.Domain.UserConfigs.CommandHandlers.EvaluateUserConfigHandler.DeserializeUserConfig(String userConfigPath) in C:\Users\larsb\repos\GlazeWM\GlazeWM.Domain\UserConfigs\CommandHandlers\EvaluateUserConfigHandler.cs:line 112
   at GlazeWM.Domain.UserConfigs.CommandHandlers.EvaluateUserConfigHandler.Handle(EvaluateUserConfigCommand command) in C:\Users\larsb\repos\GlazeWM\GlazeWM.Domain\UserConfigs\CommandHandlers\EvaluateUserConfigHandler.cs:line 53
   at GlazeWM.Infrastructure.Bussing.Bus.Invoke[T](T command) in C:\Users\larsb\repos\GlazeWM\GlazeWM.Infrastructure\Bussing\Bus.cs:line 41
   at GlazeWM.Domain.Common.CommandHandlers.PopulateInitialStateHandler.Handle(PopulateInitialStateCommand command) in C:\Users\larsb\repos\GlazeWM\GlazeWM.Domain\Common\CommandHandlers\PopulateInitialStateHandler.cs:line 38
   at GlazeWM.Infrastructure.Bussing.Bus.Invoke[T](T command) in C:\Users\larsb\repos\GlazeWM\GlazeWM.Infrastructure\Bussing\Bus.cs:line 41
   at GlazeWM.Bootstrapper.Startup.Run() in C:\Users\larsb\repos\GlazeWM\GlazeWM.Bootstrapper\Startup.cs:line 57
Command history: HandleFatalExceptionCommand, EvaluateUserConfigCommand, PopulateInitialStateCommand 
State dump: {"X":0,"Y":0,"Width":0,"Height":0,"__type":"RootContainer","FocusIndex":0,"Children":[]}

8/14/2023 1:34:49 AM
GlazeWM.Infrastructure.Exceptions.FatalUserException: Failed to parse user config. Invalid component type 'weather'.
   at GlazeWM.Domain.UserConfigs.CommandHandlers.EvaluateUserConfigHandler.DeserializeUserConfig(String userConfigPath) in C:\Users\larsb\repos\GlazeWM\GlazeWM.Domain\UserConfigs\CommandHandlers\EvaluateUserConfigHandler.cs:line 112
   at GlazeWM.Domain.UserConfigs.CommandHandlers.EvaluateUserConfigHandler.Handle(EvaluateUserConfigCommand command) in C:\Users\larsb\repos\GlazeWM\GlazeWM.Domain\UserConfigs\CommandHandlers\EvaluateUserConfigHandler.cs:line 53
   at GlazeWM.Infrastructure.Bussing.Bus.Invoke[T](T command) in C:\Users\larsb\repos\GlazeWM\GlazeWM.Infrastructure\Bussing\Bus.cs:line 41
   at GlazeWM.Domain.Common.CommandHandlers.PopulateInitialStateHandler.Handle(PopulateInitialStateCommand command) in C:\Users\larsb\repos\GlazeWM\GlazeWM.Domain\Common\CommandHandlers\PopulateInitialStateHandler.cs:line 38
   at GlazeWM.Infrastructure.Bussing.Bus.Invoke[T](T command) in C:\Users\larsb\repos\GlazeWM\GlazeWM.Infrastructure\Bussing\Bus.cs:line 41
   at GlazeWM.Bootstrapper.Startup.Run() in C:\Users\larsb\repos\GlazeWM\GlazeWM.Bootstrapper\Startup.cs:line 57
Command history: HandleFatalExceptionCommand, EvaluateUserConfigCommand, PopulateInitialStateCommand 
State dump: {"X":0,"Y":0,"Width":0,"Height":0,"__type":"RootContainer","FocusIndex":0,"Children":[]}

8/15/2023 1:26:25 AM
GlazeWM.Infrastructure.Exceptions.FatalUserException: Failed to parse user config. Invalid value at property: '$.keybindings[29].commands'.
   at GlazeWM.Domain.UserConfigs.CommandHandlers.EvaluateUserConfigHandler.DeserializeUserConfig(String userConfigPath) in C:\Users\larsb\repos\GlazeWM\GlazeWM.Domain\UserConfigs\CommandHandlers\EvaluateUserConfigHandler.cs:line 112
   at GlazeWM.Domain.UserConfigs.CommandHandlers.EvaluateUserConfigHandler.Handle(EvaluateUserConfigCommand command) in C:\Users\larsb\repos\GlazeWM\GlazeWM.Domain\UserConfigs\CommandHandlers\EvaluateUserConfigHandler.cs:line 53
   at GlazeWM.Infrastructure.Bussing.Bus.Invoke[T](T command) in C:\Users\larsb\repos\GlazeWM\GlazeWM.Infrastructure\Bussing\Bus.cs:line 41
   at GlazeWM.Domain.Common.CommandHandlers.PopulateInitialStateHandler.Handle(PopulateInitialStateCommand command) in C:\Users\larsb\repos\GlazeWM\GlazeWM.Domain\Common\CommandHandlers\PopulateInitialStateHandler.cs:line 38
   at GlazeWM.Infrastructure.Bussing.Bus.Invoke[T](T command) in C:\Users\larsb\repos\GlazeWM\GlazeWM.Infrastructure\Bussing\Bus.cs:line 41
   at GlazeWM.Bootstrapper.Startup.Run() in C:\Users\larsb\repos\GlazeWM\GlazeWM.Bootstrapper\Startup.cs:line 57
Command history: HandleFatalExceptionCommand, EvaluateUserConfigCommand, PopulateInitialStateCommand 
State dump: {"X":0,"Y":0,"Width":0,"Height":0,"__type":"RootContainer","FocusIndex":0,"Children":[]}

10/4/2023 3:16:06 PM
GlazeWM.Infrastructure.Exceptions.FatalUserException: Failed to parse user config. Invalid command 'set full'.
   at GlazeWM.Domain.UserConfigs.CommandHandlers.EvaluateUserConfigHandler.ValidateDeserializedConfig(UserConfig deserializedConfig) in C:\Users\larsb\repos\GlazeWM\GlazeWM.Domain\UserConfigs\CommandHandlers\EvaluateUserConfigHandler.cs:line 212
   at GlazeWM.Domain.UserConfigs.CommandHandlers.EvaluateUserConfigHandler.Handle(EvaluateUserConfigCommand command) in C:\Users\larsb\repos\GlazeWM\GlazeWM.Domain\UserConfigs\CommandHandlers\EvaluateUserConfigHandler.cs:line 62
   at GlazeWM.Infrastructure.Bussing.Bus.Invoke[T](T command) in C:\Users\larsb\repos\GlazeWM\GlazeWM.Infrastructure\Bussing\Bus.cs:line 41
   at GlazeWM.Domain.Common.CommandHandlers.PopulateInitialStateHandler.Handle(PopulateInitialStateCommand command) in C:\Users\larsb\repos\GlazeWM\GlazeWM.Domain\Common\CommandHandlers\PopulateInitialStateHandler.cs:line 38
   at GlazeWM.Infrastructure.Bussing.Bus.Invoke[T](T command) in C:\Users\larsb\repos\GlazeWM\GlazeWM.Infrastructure\Bussing\Bus.cs:line 41
   at GlazeWM.Bootstrapper.Startup.Run() in C:\Users\larsb\repos\GlazeWM\GlazeWM.Bootstrapper\Startup.cs:line 57
Command history: HandleFatalExceptionCommand, EvaluateUserConfigCommand, PopulateInitialStateCommand 
State dump: {"X":0,"Y":0,"Width":0,"Height":0,"__type":"RootContainer","FocusIndex":0,"Children":[]}

10/4/2023 3:16:16 PM
GlazeWM.Infrastructure.Exceptions.FatalUserException: Failed to parse user config. Invalid command 'set full'.
   at GlazeWM.Domain.UserConfigs.CommandHandlers.EvaluateUserConfigHandler.ValidateDeserializedConfig(UserConfig deserializedConfig) in C:\Users\larsb\repos\GlazeWM\GlazeWM.Domain\UserConfigs\CommandHandlers\EvaluateUserConfigHandler.cs:line 212
   at GlazeWM.Domain.UserConfigs.CommandHandlers.EvaluateUserConfigHandler.Handle(EvaluateUserConfigCommand command) in C:\Users\larsb\repos\GlazeWM\GlazeWM.Domain\UserConfigs\CommandHandlers\EvaluateUserConfigHandler.cs:line 62
   at GlazeWM.Infrastructure.Bussing.Bus.Invoke[T](T command) in C:\Users\larsb\repos\GlazeWM\GlazeWM.Infrastructure\Bussing\Bus.cs:line 41
   at GlazeWM.Domain.Common.CommandHandlers.PopulateInitialStateHandler.Handle(PopulateInitialStateCommand command) in C:\Users\larsb\repos\GlazeWM\GlazeWM.Domain\Common\CommandHandlers\PopulateInitialStateHandler.cs:line 38
   at GlazeWM.Infrastructure.Bussing.Bus.Invoke[T](T command) in C:\Users\larsb\repos\GlazeWM\GlazeWM.Infrastructure\Bussing\Bus.cs:line 41
   at GlazeWM.Bootstrapper.Startup.Run() in C:\Users\larsb\repos\GlazeWM\GlazeWM.Bootstrapper\Startup.cs:line 57
Command history: HandleFatalExceptionCommand, EvaluateUserConfigCommand, PopulateInitialStateCommand 
State dump: {"X":0,"Y":0,"Width":0,"Height":0,"__type":"RootContainer","FocusIndex":0,"Children":[]}

10/14/2023 5:38:07 PM
GlazeWM.Infrastructure.Exceptions.FatalUserException: Failed to parse user config. Object reference not set to an instance of an object.
   at GlazeWM.Domain.UserConfigs.CommandHandlers.EvaluateUserConfigHandler.ValidateDeserializedConfig(UserConfig deserializedConfig) in C:\Users\larsb\repos\GlazeWM\GlazeWM.Domain\UserConfigs\CommandHandlers\EvaluateUserConfigHandler.cs:line 212
   at GlazeWM.Domain.UserConfigs.CommandHandlers.EvaluateUserConfigHandler.Handle(EvaluateUserConfigCommand command) in C:\Users\larsb\repos\GlazeWM\GlazeWM.Domain\UserConfigs\CommandHandlers\EvaluateUserConfigHandler.cs:line 62
   at GlazeWM.Infrastructure.Bussing.Bus.Invoke[T](T command) in C:\Users\larsb\repos\GlazeWM\GlazeWM.Infrastructure\Bussing\Bus.cs:line 41
   at GlazeWM.Domain.Common.CommandHandlers.PopulateInitialStateHandler.Handle(PopulateInitialStateCommand command) in C:\Users\larsb\repos\GlazeWM\GlazeWM.Domain\Common\CommandHandlers\PopulateInitialStateHandler.cs:line 38
   at GlazeWM.Infrastructure.Bussing.Bus.Invoke[T](T command) in C:\Users\larsb\repos\GlazeWM\GlazeWM.Infrastructure\Bussing\Bus.cs:line 41
   at GlazeWM.Bootstrapper.Startup.Run() in C:\Users\larsb\repos\GlazeWM\GlazeWM.Bootstrapper\Startup.cs:line 57
Command history: HandleFatalExceptionCommand, EvaluateUserConfigCommand, PopulateInitialStateCommand 
State dump: {"X":0,"Y":0,"Width":0,"Height":0,"__type":"RootContainer","FocusIndex":0,"Children":[]}

10/14/2023 5:38:17 PM
GlazeWM.Infrastructure.Exceptions.FatalUserException: Failed to parse user config. Object reference not set to an instance of an object.
   at GlazeWM.Domain.UserConfigs.CommandHandlers.EvaluateUserConfigHandler.ValidateDeserializedConfig(UserConfig deserializedConfig) in C:\Users\larsb\repos\GlazeWM\GlazeWM.Domain\UserConfigs\CommandHandlers\EvaluateUserConfigHandler.cs:line 212
   at GlazeWM.Domain.UserConfigs.CommandHandlers.EvaluateUserConfigHandler.Handle(EvaluateUserConfigCommand command) in C:\Users\larsb\repos\GlazeWM\GlazeWM.Domain\UserConfigs\CommandHandlers\EvaluateUserConfigHandler.cs:line 62
   at GlazeWM.Infrastructure.Bussing.Bus.Invoke[T](T command) in C:\Users\larsb\repos\GlazeWM\GlazeWM.Infrastructure\Bussing\Bus.cs:line 41
   at GlazeWM.Domain.Common.CommandHandlers.PopulateInitialStateHandler.Handle(PopulateInitialStateCommand command) in C:\Users\larsb\repos\GlazeWM\GlazeWM.Domain\Common\CommandHandlers\PopulateInitialStateHandler.cs:line 38
   at GlazeWM.Infrastructure.Bussing.Bus.Invoke[T](T command) in C:\Users\larsb\repos\GlazeWM\GlazeWM.Infrastructure\Bussing\Bus.cs:line 41
   at GlazeWM.Bootstrapper.Startup.Run() in C:\Users\larsb\repos\GlazeWM\GlazeWM.Bootstrapper\Startup.cs:line 57
Command history: HandleFatalExceptionCommand, EvaluateUserConfigCommand, PopulateInitialStateCommand 
State dump: {"X":0,"Y":0,"Width":0,"Height":0,"__type":"RootContainer","FocusIndex":0,"Children":[]}

